<?xml version="1.0" encoding="UTF-8"?>
<testng-results ignored="0" total="1" passed="1" failed="0" skipped="0">
  <reporter-output>
  </reporter-output>
  <suite started-at="2019-05-23T12:29:30Z" name="Default suite" finished-at="2019-05-23T12:30:00Z" duration-ms="30334">
    <groups>
    </groups>
    <test started-at="2019-05-23T12:29:30Z" name="Default test" finished-at="2019-05-23T12:30:00Z" duration-ms="30334">
      <class name="SignUpTest">
        <test-method is-config="true" signature="setUp()[pri:0, instance:SignUpTest@45b4c3a9]" started-at="2019-05-23T12:29:30Z" name="setUp" finished-at="2019-05-23T12:29:48Z" duration-ms="18789" status="PASS">
          <reporter-output>
          </reporter-output>
        </test-method> <!-- setUp -->
        <test-method signature="singUp()[pri:0, instance:SignUpTest@45b4c3a9]" started-at="2019-05-23T12:29:48Z" name="singUp" finished-at="2019-05-23T12:30:00Z" duration-ms="11499" status="PASS">
          <reporter-output>
          </reporter-output>
        </test-method> <!-- singUp -->
      </class> <!-- SignUpTest -->
    </test> <!-- Default test -->
  </suite> <!-- Default suite -->
</testng-results>
